<?xml version="1.0" encoding="UTF-8"?>
<!-- Generated by org.testng.reporters.JUnitXMLReporter -->
<testsuite hostname="DESKTOP-4JBAKI8" ignored="1" name="Test" tests="2" failures="0" timestamp="25 May 2019 05:46:39 GMT" time="100.931" errors="0">
  <testcase name="createNewIncident" time="45.779" classname="servicenow.CreateIncident"/>
  <testcase name="resolveIncident" time="55.132" classname="servicenow.ResolveIncident"/>
  <testcase name="deleteIncident" time="0.0" classname="servicenow.DeleteIncident">
    <ignored/>
  </testcase> <!-- deleteIncident -->
</testsuite> <!-- Test -->
