<?xml version="1.0" encoding="UTF-8"?>
<!-- Generated by org.testng.reporters.JUnitXMLReporter -->
<testsuite hostname="DESKTOP-4JBAKI8" ignored="2" name="Test" tests="1" failures="0" timestamp="24 May 2019 09:55:41 GMT" time="33.646" errors="0">
  <testcase name="createNewIncident" time="33.626" classname="servicenow.CreateIncident"/>
  <testcase name="resolveIncident" time="0.0" classname="servicenow.ResolveIncident">
    <ignored/>
  </testcase> <!-- resolveIncident -->
  <testcase name="deleteIncident" time="0.0" classname="servicenow.DeleteIncident">
    <ignored/>
  </testcase> <!-- deleteIncident -->
</testsuite> <!-- Test -->
