<?xml version="1.0" encoding="UTF-8"?>
<!-- Generated by org.testng.reporters.JUnitXMLReporter -->
<testsuite hostname="DESKTOP-4JBAKI8" ignored="0" name="Command line test" tests="1" failures="1" timestamp="23 May 2019 21:09:56 GMT" time="22.134" errors="0">
  <testcase name="firstTest" time="22.112" classname="classroom.IphoneTestCase">
    <failure type="java.lang.NullPointerException">
      <![CDATA[java.lang.NullPointerException
at classroom.IphoneTestCase.firstTest(IphoneTestCase.java:40)
... Removed 35 stack frames]]>
    </failure>
  </testcase> <!-- firstTest -->
</testsuite> <!-- Command line test -->
