<?xml version="1.0" encoding="UTF-8" ?>
<testsuite tests="1" failures="1" name="TestSuite" time="22.115" errors="0" skipped="0">
  <properties>
[...]
</properties>
  <testcase classname="classroom.IphoneTestCase" name="firstTest" time="22.115">
    <failure type="java.lang.NullPointerException">java.lang.NullPointerException
	at classroom.IphoneTestCase.firstTest(IphoneTestCase.java:40)
</failure>
    <system-out>Configuring TestNG with: org.apache.maven.surefire.testng.conf.TestNG652Configurator@123772c4
21
1. Apple 12W USB Power Adapter (for iPhone, iPad)
2. Rechargeable Active Stylus Digital Pen with Adjustable Fine Tip for Accurate Writing/Drawing on iPhone/iPad/Samsung/Surface/Android Touchscreen, Smartphones, Tablets, Notebooks(Black)
3. Apple iPhone 6, GSM Unlocked, 64GB - Space Gray (Renewed)
4. Apple iPhone 7 Plus (32GB) - Black - [works exclusively with Simple Mobile]
5. Apple iPhone X (64GB) - Silver - [works exclusively with Simple Mobile]
6. Apple iPhone 6S, GSM Unlocked, 64GB - Rose Gold (Renewed)
7. Apple iPhone 6 Plus GSM Unlocked Cellphone, 16GB (Space Gray)
8. Apple iPhone 7 (32GB) - Gold - [works exclusively with Simple Mobile]
9. Apple iPhone 6, GSM Unlocked, 16GB - Space Gray (Renewed)
10. Apple iPhone 7 Unlocked (Fully Only) 128GB Smartphone, Rose Gold (Renewed)
11. Apple iPhone 6s Plus (32GB) - Rose Gold [works exclusively with Simple Mobile Prepaid]
12. Apple iPhone XS Max (64GB) - Gold - [works exclusively with Simple Mobile]
13. Apple iPhone XR (64GB) - Red - [works exclusively with Simple Mobile]
14. Apple iPhone 6S (32GB) - Space Gray - [works exclusively with Simple Mobile]
15. Apple iPhone 6 Plus, GSM Unlocked, 16GB - Silver (Renewed)
16. Apple iPhone 6, AT&amp;T, 16GB - Gold (Renewed)
17. Apple iPhone 7, GSM Unlocked, 32GB - Rose Gold (Renewed)
18. Apple iPhone 6S, GSM Unlocked, 16GB - Rose Gold (Renewed)
19. PITAKA Slim Case Compatible with iPhone X 5.8&quot;, MagCase Aramid Fiber [Real Body Armor Material] Phone Case,Minimalist Strongest Durable Snugly Fit Snap-on Case - Black/Grey(Twill)
20. PITAKA Slim Case Compatible with iPhone XR 6.1&quot;, MagCase Aramid Fiber [Real Body Armor Material] Phone Case,Minimalist Strongest Durable Snugly Fit Snap-on Case - Black/Grey(Twill)
21. Tell us how we can improve
</system-out>
    <system-err>SLF4J: Failed to load class &quot;org.slf4j.impl.StaticLoggerBinder&quot;.
SLF4J: Defaulting to no-operation (NOP) logger implementation
SLF4J: See http://www.slf4j.org/codes.html#StaticLoggerBinder for further details.
May 24, 2019 7:09:34 AM java.util.prefs.WindowsPreferences &lt;init&gt;
WARNING: Could not open/create prefs root node Software\JavaSoft\Prefs at root 0x80000002. Windows RegCreateKeyEx(...) returned error code 5.
Starting ChromeDriver 74.0.3729.6 (255758eccf3d244491b8a1317aa76e1ce10d57e9-refs/branch-heads/3729@{#29}) on port 34458
Only local connections are allowed.
Please protect ports used by ChromeDriver and related test frameworks to prevent access by malicious code.
May 24, 2019 7:09:37 AM org.openqa.selenium.remote.ProtocolHandshake createSession
INFO: Detected dialect: OSS
</system-err>
  </testcase>
</testsuite>