-------------------------------------------------------------------------------
Test set: TestSuite
-------------------------------------------------------------------------------
Tests run: 1, Failures: 1, Errors: 0, Skipped: 0, Time elapsed: 22.586 sec <<< FAILURE!
firstTest(classroom.IphoneTestCase)  Time elapsed: 22.115 sec  <<< FAILURE!
java.lang.NullPointerException
	at classroom.IphoneTestCase.firstTest(IphoneTestCase.java:40)

