<?xml version="1.0" encoding="UTF-8"?>
<testng-results skipped="0" failed="0" ignored="1" total="3" passed="2">
  <reporter-output>
  </reporter-output>
  <suite name="Suite" duration-ms="100931" started-at="2019-05-25T05:44:58Z" finished-at="2019-05-25T05:46:39Z">
    <groups>
      <group name="Functional">
        <method signature="CreateIncident.createNewIncident()[pri:0, instance:servicenow.CreateIncident@27c20538]" name="createNewIncident" class="servicenow.CreateIncident"/>
      </group> <!-- Functional -->
      <group name="Regression">
        <method signature="CreateIncident.createNewIncident()[pri:0, instance:servicenow.CreateIncident@27c20538]" name="createNewIncident" class="servicenow.CreateIncident"/>
      </group> <!-- Regression -->
      <group name="Smoke">
        <method signature="CreateIncident.createNewIncident()[pri:0, instance:servicenow.CreateIncident@27c20538]" name="createNewIncident" class="servicenow.CreateIncident"/>
        <method signature="ResolveIncident.resolveIncident()[pri:0, instance:servicenow.ResolveIncident@72d818d1]" name="resolveIncident" class="servicenow.ResolveIncident"/>
      </group> <!-- Smoke -->
    </groups>
    <test name="Test" duration-ms="100931" started-at="2019-05-25T05:44:58Z" finished-at="2019-05-25T05:46:39Z">
      <class name="servicenow.CreateIncident">
        <test-method status="PASS" signature="createNewIncident()[pri:0, instance:servicenow.CreateIncident@27c20538]" name="createNewIncident" duration-ms="45779" started-at="2019-05-25T05:44:58Z" finished-at="2019-05-25T05:45:44Z">
          <reporter-output>
          </reporter-output>
        </test-method> <!-- createNewIncident -->
      </class> <!-- servicenow.CreateIncident -->
      <class name="servicenow.ResolveIncident">
        <test-method status="PASS" signature="resolveIncident()[pri:0, instance:servicenow.ResolveIncident@72d818d1]" name="resolveIncident" duration-ms="55132" started-at="2019-05-25T05:45:44Z" finished-at="2019-05-25T05:46:39Z">
          <reporter-output>
          </reporter-output>
        </test-method> <!-- resolveIncident -->
      </class> <!-- servicenow.ResolveIncident -->
    </test> <!-- Test -->
  </suite> <!-- Suite -->
</testng-results>
