<?xml version="1.0" encoding="UTF-8"?>
<testng-results skipped="0" failed="0" ignored="0" total="1" passed="1">
  <reporter-output>
  </reporter-output>
  <suite name="Default suite" duration-ms="19302" started-at="2019-05-18T05:03:09Z" finished-at="2019-05-18T05:03:28Z">
    <groups>
    </groups>
    <test name="Default test" duration-ms="19302" started-at="2019-05-18T05:03:09Z" finished-at="2019-05-18T05:03:28Z">
      <class name="classroom.IphoneTestCase">
        <test-method status="PASS" signature="firstTest()[pri:0, instance:classroom.IphoneTestCase@42dafa95]" name="firstTest" duration-ms="19278" started-at="2019-05-18T05:03:09Z" finished-at="2019-05-18T05:03:28Z">
          <reporter-output>
          </reporter-output>
        </test-method> <!-- firstTest -->
      </class> <!-- classroom.IphoneTestCase -->
    </test> <!-- Default test -->
  </suite> <!-- Default suite -->
</testng-results>
